2024-11-05 23:01:45,649 [INFO] Activator:176 - 


2024-11-05 23:01:45,657 [INFO] Activator:177 - !SESSION log4j initialized
2024-11-05 23:01:49,709 [INFO] LogOutputStream:77 - [STDOUT_REDIRECT] 
2024-11-05 23:01:51,635 [INFO] ApplicationProperties:184 - Using Application install path: C:\ST\STM32CubeIDE_1.16.0\STM32CubeIDE\plugins\com.st.stm32cube.common.mx_6.12.0.202406281431
2024-11-05 23:01:51,668 [INFO] DbMcusXml:78 - Set database path to: C:\ST\STM32CubeIDE_1.16.0\STM32CubeIDE\plugins\com.st.stm32cube.common.mx_6.12.0.202406281431\\db\/mcu/
2024-11-05 23:01:51,668 [INFO] ApiDb:274 - Set plugin database path to: C:\ST\STM32CubeIDE_1.16.0\STM32CubeIDE\plugins\com.st.stm32cube.common.mx_6.12.0.202406281431\\db\/plugins/boardmanager/
2024-11-05 23:01:51,669 [WARN] ApiDb:259 - Overriding images path with different value:  => C:\ST\STM32CubeIDE_1.16.0\STM32CubeIDE\plugins\com.st.stm32cube.common.mx_6.12.0.202406281431\\db\/plugins/mcufinder/images/
2024-11-05 23:01:51,678 [INFO] ApiDb:250 - Set database path to: C:\Users\pc_sales\.stmcufinder\plugins\mcufinder//mcu/
2024-11-05 23:01:51,680 [INFO] DbMcusAds:125 - Set database path to: C:\Users\pc_sales\.stmcufinder\plugins\mcufinder//mcu/
2024-11-05 23:01:51,684 [INFO] CrossReferenceDbSqlite:203 - Set database path to: C:\Users\pc_sales\.stmcufinder\plugins\mcufinder//mcu/cs/
2024-11-05 23:01:51,828 [INFO] RulesReader:64 - Compatibility file has been processed (297 Rules)
2024-11-05 23:01:51,919 [INFO] DbMcusXml:78 - Set database path to: C:\ST\STM32CubeIDE_1.16.0\STM32CubeIDE\plugins\com.st.stm32cube.common.mx_6.12.0.202406281431\\db\/mcu/
2024-11-05 23:01:51,920 [INFO] ApiDb:274 - Set plugin database path to: C:\ST\STM32CubeIDE_1.16.0\STM32CubeIDE\plugins\com.st.stm32cube.common.mx_6.12.0.202406281431\\db\/plugins/boardmanager/
2024-11-05 23:01:51,920 [INFO] ApiDb:261 - Set plugin images path to: C:\ST\STM32CubeIDE_1.16.0\STM32CubeIDE\plugins\com.st.stm32cube.common.mx_6.12.0.202406281431\\db\/plugins/mcufinder/images/
2024-11-05 23:01:51,920 [WARN] DbFile:41 - Overriding database path with different value: C:\Users\pc_sales\.stmcufinder\plugins\mcufinder/ => C:\Users\pc_sales\.stmcufinder\plugins\mcufinder
2024-11-05 23:01:51,920 [INFO] ApiDb:250 - Set database path to: C:\Users\pc_sales\.stmcufinder\plugins\mcufinder//mcu/
2024-11-05 23:01:51,920 [WARN] DbFile:41 - Overriding database path with different value: C:\Users\pc_sales\.stmcufinder\plugins\mcufinder/ => C:\Users\pc_sales\.stmcufinder\plugins\mcufinder
2024-11-05 23:01:51,920 [INFO] DbMcusAds:125 - Set database path to: C:\Users\pc_sales\.stmcufinder\plugins\mcufinder//mcu/
2024-11-05 23:01:51,920 [WARN] DbFile:41 - Overriding database path with different value: C:\Users\pc_sales\.stmcufinder\plugins\mcufinder/ => C:\Users\pc_sales\.stmcufinder\plugins\mcufinder
2024-11-05 23:01:51,920 [WARN] DbFile:41 - Overriding database path with different value: C:\Users\pc_sales\.stmcufinder\plugins\mcufinder/ => C:\Users\pc_sales\.stmcufinder\plugins\mcufinder
2024-11-05 23:01:51,921 [INFO] CrossReferenceDbSqlite:203 - Set database path to: C:\Users\pc_sales\.stmcufinder\plugins\mcufinder//mcu/cs/
2024-11-05 23:01:52,009 [INFO] MainPanel:268 - HeapMemory: 268435456
2024-11-05 23:01:52,078 [INFO] DbMcusXml:78 - Set database path to: C:\ST\STM32CubeIDE_1.16.0\STM32CubeIDE\plugins\com.st.stm32cube.common.mx_6.12.0.202406281431\\db\/mcu/
2024-11-05 23:01:52,078 [INFO] ApiDb:274 - Set plugin database path to: C:\ST\STM32CubeIDE_1.16.0\STM32CubeIDE\plugins\com.st.stm32cube.common.mx_6.12.0.202406281431\\db\/plugins/boardmanager/
2024-11-05 23:01:52,078 [INFO] ApiDb:261 - Set plugin images path to: C:\ST\STM32CubeIDE_1.16.0\STM32CubeIDE\plugins\com.st.stm32cube.common.mx_6.12.0.202406281431\\db\/plugins/mcufinder/images/
2024-11-05 23:01:52,078 [WARN] DbFile:41 - Overriding database path with different value: C:\Users\pc_sales\.stmcufinder\plugins\mcufinder/ => C:\Users\pc_sales\.stmcufinder\plugins\mcufinder
2024-11-05 23:01:52,078 [INFO] ApiDb:250 - Set database path to: C:\Users\pc_sales\.stmcufinder\plugins\mcufinder//mcu/
2024-11-05 23:01:52,078 [WARN] DbFile:41 - Overriding database path with different value: C:\Users\pc_sales\.stmcufinder\plugins\mcufinder/ => C:\Users\pc_sales\.stmcufinder\plugins\mcufinder
2024-11-05 23:01:52,078 [INFO] DbMcusAds:125 - Set database path to: C:\Users\pc_sales\.stmcufinder\plugins\mcufinder//mcu/
2024-11-05 23:01:52,078 [WARN] DbFile:41 - Overriding database path with different value: C:\Users\pc_sales\.stmcufinder\plugins\mcufinder/ => C:\Users\pc_sales\.stmcufinder\plugins\mcufinder
2024-11-05 23:01:52,078 [WARN] DbFile:41 - Overriding database path with different value: C:\Users\pc_sales\.stmcufinder\plugins\mcufinder/ => C:\Users\pc_sales\.stmcufinder\plugins\mcufinder
2024-11-05 23:01:52,079 [INFO] CrossReferenceDbSqlite:203 - Set database path to: C:\Users\pc_sales\.stmcufinder\plugins\mcufinder//mcu/cs/
2024-11-05 23:01:52,100 [INFO] ApplicationProperties:184 - Using Application install path: C:\ST\STM32CubeIDE_1.16.0\STM32CubeIDE\plugins\com.st.stm32cube.common.mx_6.12.0.202406281431
2024-11-05 23:01:52,101 [INFO] PluginManage:196 - Search for loadable plugins [exclusion list=, ]
2024-11-05 23:01:52,102 [INFO] PluginManage:310 - Check plugin analytics
2024-11-05 23:01:52,415 [INFO] AnalyticsPlugin:253 - Accepted Software Licenses: 
2024-11-05 23:01:52,415 [INFO] AnalyticsPlugin:255 - Accepted CMSIS Pack Licenses: 
2024-11-05 23:01:52,415 [INFO] AnalyticsPlugin:257 - Accepted Firmware Licenses: 
2024-11-05 23:01:52,421 [INFO] PluginManage:359 - Loaded plugin analytics (category:tool,tabindex:-1)
2024-11-05 23:01:52,421 [INFO] PluginManage:310 - Check plugin cadmodel
2024-11-05 23:01:52,430 [INFO] CADModel:105 - Init CAD model plugin
2024-11-05 23:01:52,430 [INFO] PluginManage:359 - Loaded plugin cadmodel (category:power,tabindex:5)
2024-11-05 23:01:52,430 [INFO] PluginManage:310 - Check plugin clock
2024-11-05 23:01:52,448 [INFO] PluginManage:359 - Loaded plugin clock (category:base,tabindex:2)
2024-11-05 23:01:52,448 [INFO] PluginManage:310 - Check plugin ddr
2024-11-05 23:01:52,451 [INFO] PluginManage:359 - Loaded plugin ddr (category:tool,tabindex:6)
2024-11-05 23:01:52,451 [INFO] PluginManage:310 - Check plugin filemanager
2024-11-05 23:01:52,642 [INFO] PluginManage:359 - Loaded plugin filemanager (category:base,tabindex:10)
2024-11-05 23:01:52,643 [INFO] PluginManage:310 - Check plugin ipmanager
2024-11-05 23:01:52,669 [INFO] PluginManage:359 - Loaded plugin ipmanager (category:base,tabindex:5)
2024-11-05 23:01:52,669 [INFO] PluginManage:310 - Check plugin lpbam
2024-11-05 23:01:52,684 [INFO] PluginManage:359 - Loaded plugin lpbam (category:base,tabindex:0)
2024-11-05 23:01:52,684 [INFO] PluginManage:310 - Check plugin memorymap
2024-11-05 23:01:52,707 [INFO] PluginManage:359 - Loaded plugin memorymap (category:base,tabindex:4)
2024-11-05 23:01:52,708 [INFO] PluginManage:310 - Check plugin pinoutandconfiguration
2024-11-05 23:01:52,716 [INFO] PluginManage:359 - Loaded plugin pinoutandconfiguration (category:base,tabindex:1)
2024-11-05 23:01:52,716 [INFO] PluginManage:310 - Check plugin pinoutconfig
2024-11-05 23:01:52,831 [WARN] SupportedApi:132 - Cannot load RTOS API schema: s4s-elt-must-match.1: The content of 'definitions' must match (annotation?, (simpleType | complexType)?, (unique | key | keyref)*)). A problem was found starting at: attribute.
2024-11-05 23:01:53,027 [INFO] PluginManage:359 - Loaded plugin pinoutconfig (category:base,tabindex:0)
2024-11-05 23:01:53,027 [INFO] PluginManage:310 - Check plugin power
2024-11-05 23:01:53,038 [INFO] PluginManage:359 - Loaded plugin power (category:power,tabindex:4)
2024-11-05 23:01:53,038 [INFO] PluginManage:310 - Check plugin projectmanager
2024-11-05 23:01:53,060 [INFO] PluginManage:359 - Loaded plugin projectmanager (category:projectmanager,tabindex:4)
2024-11-05 23:01:53,060 [INFO] PluginManage:310 - Check plugin rif
2024-11-05 23:01:53,066 [INFO] PluginManage:359 - Loaded plugin rif (category:base,tabindex:3)
2024-11-05 23:01:53,066 [INFO] PluginManage:310 - Check plugin thirdparty
2024-11-05 23:01:53,203 [INFO] PluginManage:359 - Loaded plugin thirdparty (category:base,tabindex:-1)
2024-11-05 23:01:53,202 [WARN] IntegrityCheckThread:84 - waiting for thirdparty lock release [integrity check]
2024-11-05 23:01:53,203 [INFO] IntegrityCheckThread:86 - entering critical section [integrity check]
2024-11-05 23:01:53,203 [INFO] PluginManage:310 - Check plugin tools
2024-11-05 23:01:53,204 [INFO] ThirdPartyUpdaterWithRetryManager:70 - Updater plugin not ready yet. [1/15]
2024-11-05 23:01:53,208 [INFO] PluginManage:359 - Loaded plugin tools (category:base,tabindex:7)
2024-11-05 23:01:53,208 [INFO] PluginManage:310 - Check plugin tutovideos
2024-11-05 23:01:53,380 [INFO] PluginManage:359 - Loaded plugin tutovideos (category:base,tabindex:-1)
2024-11-05 23:01:53,380 [INFO] PluginManage:310 - Check plugin updater
2024-11-05 23:01:53,398 [INFO] PluginManage:359 - Loaded plugin updater (category:base,tabindex:12)
2024-11-05 23:01:53,398 [INFO] PluginManage:310 - Check plugin userauth
2024-11-05 23:01:53,404 [INFO] UserAuth:113 - Init User Auth plugin
2024-11-05 23:01:53,404 [INFO] PluginManage:359 - Loaded plugin userauth (category:base,tabindex:14)
2024-11-05 23:01:53,404 [INFO] PluginManage:283 - PluginManage : Loaded plugins [18]
2024-11-05 23:01:53,622 [INFO] PinOutPanel:1561 - setPackage(No Configuration,No Configuration)
2024-11-05 23:01:53,724 [INFO] CADModel:165 - CPN selected for project level
2024-11-05 23:01:53,724 [INFO] CADModel:114 - Register for checkConnection events
2024-11-05 23:01:53,738 [INFO] IPUIPlugin:80 - create IPUIPlugin
2024-11-05 23:01:53,738 [INFO] PluginManager:220 - loadIPPluginJar : add adc
2024-11-05 23:01:53,741 [INFO] IPUIPlugin:80 - create IPUIPlugin
2024-11-05 23:01:53,741 [INFO] PluginManager:220 - loadIPPluginJar : add aes
2024-11-05 23:01:53,744 [INFO] IPUIPlugin:80 - create IPUIPlugin
2024-11-05 23:01:53,744 [INFO] PluginManager:220 - loadIPPluginJar : add can
2024-11-05 23:01:53,744 [INFO] IPUIPlugin:80 - create IPUIPlugin
2024-11-05 23:01:53,744 [INFO] PluginManager:220 - loadIPPluginJar : add comp
2024-11-05 23:01:53,747 [INFO] IPUIPlugin:80 - create IPUIPlugin
2024-11-05 23:01:53,747 [INFO] PluginManager:220 - loadIPPluginJar : add cryp
2024-11-05 23:01:53,749 [INFO] IPUIPlugin:80 - create IPUIPlugin
2024-11-05 23:01:53,749 [INFO] PluginManager:220 - loadIPPluginJar : add ddr_ctrl_phy
2024-11-05 23:01:53,751 [INFO] IPUIPlugin:80 - create IPUIPlugin
2024-11-05 23:01:53,751 [INFO] PluginManager:220 - loadIPPluginJar : add dfsdm
2024-11-05 23:01:53,756 [INFO] IPUIPlugin:80 - create IPUIPlugin
2024-11-05 23:01:53,756 [INFO] PluginManager:220 - loadIPPluginJar : add dma
2024-11-05 23:01:53,759 [INFO] IPUIPlugin:80 - create IPUIPlugin
2024-11-05 23:01:53,759 [INFO] PluginManager:220 - loadIPPluginJar : add dma3
2024-11-05 23:01:53,761 [INFO] IPUIPlugin:80 - create IPUIPlugin
2024-11-05 23:01:53,762 [INFO] PluginManager:220 - loadIPPluginJar : add extmemmanager
2024-11-05 23:01:53,763 [INFO] IPUIPlugin:80 - create IPUIPlugin
2024-11-05 23:01:53,764 [INFO] PluginManager:220 - loadIPPluginJar : add fatfs
2024-11-05 23:01:53,769 [INFO] IPUIPlugin:80 - create IPUIPlugin
2024-11-05 23:01:53,769 [INFO] PluginManager:220 - loadIPPluginJar : add fmc
2024-11-05 23:01:53,774 [INFO] IPUIPlugin:80 - create IPUIPlugin
2024-11-05 23:01:53,774 [INFO] PluginManager:220 - loadIPPluginJar : add freertos
2024-11-05 23:01:53,775 [INFO] IPUIPlugin:80 - create IPUIPlugin
2024-11-05 23:01:53,775 [INFO] PluginManager:220 - loadIPPluginJar : add genericplugin
2024-11-05 23:01:53,777 [INFO] IPUIPlugin:80 - create IPUIPlugin
2024-11-05 23:01:53,777 [INFO] PluginManager:220 - loadIPPluginJar : add gfxmmu
2024-11-05 23:01:53,781 [INFO] IPUIPlugin:80 - create IPUIPlugin
2024-11-05 23:01:53,782 [INFO] PluginManager:220 - loadIPPluginJar : add gic
2024-11-05 23:01:53,786 [INFO] IPUIPlugin:80 - create IPUIPlugin
2024-11-05 23:01:53,787 [INFO] PluginManager:220 - loadIPPluginJar : add gpio
2024-11-05 23:01:53,789 [INFO] IPUIPlugin:80 - create IPUIPlugin
2024-11-05 23:01:53,789 [INFO] PluginManager:220 - loadIPPluginJar : add gtzc
2024-11-05 23:01:53,791 [INFO] IPUIPlugin:80 - create IPUIPlugin
2024-11-05 23:01:53,791 [INFO] PluginManager:220 - loadIPPluginJar : add hash
2024-11-05 23:01:53,794 [INFO] IPUIPlugin:80 - create IPUIPlugin
2024-11-05 23:01:53,794 [INFO] PluginManager:220 - loadIPPluginJar : add i2c
2024-11-05 23:01:53,795 [INFO] IPUIPlugin:80 - create IPUIPlugin
2024-11-05 23:01:53,796 [INFO] PluginManager:220 - loadIPPluginJar : add i2s
2024-11-05 23:01:53,798 [INFO] IPUIPlugin:80 - create IPUIPlugin
2024-11-05 23:01:53,798 [INFO] PluginManager:220 - loadIPPluginJar : add i3c
2024-11-05 23:01:53,802 [INFO] IPUIPlugin:80 - create IPUIPlugin
2024-11-05 23:01:53,802 [INFO] PluginManager:220 - loadIPPluginJar : add ipddr
2024-11-05 23:01:53,808 [INFO] IPUIPlugin:80 - create IPUIPlugin
2024-11-05 23:01:53,809 [INFO] PluginManager:220 - loadIPPluginJar : add linkedlist
2024-11-05 23:01:53,812 [INFO] IPUIPlugin:80 - create IPUIPlugin
2024-11-05 23:01:53,812 [INFO] PluginManager:220 - loadIPPluginJar : add lorawan
2024-11-05 23:01:53,813 [INFO] IPUIPlugin:80 - create IPUIPlugin
2024-11-05 23:01:53,813 [INFO] PluginManager:220 - loadIPPluginJar : add ltdc
2024-11-05 23:01:53,820 [INFO] IPUIPlugin:80 - create IPUIPlugin
2024-11-05 23:01:53,820 [INFO] PluginManager:220 - loadIPPluginJar : add mdma
2024-11-05 23:01:53,824 [INFO] IPUIPlugin:80 - create IPUIPlugin
2024-11-05 23:01:53,824 [INFO] PluginManager:220 - loadIPPluginJar : add nvic
2024-11-05 23:01:53,828 [INFO] IPUIPlugin:80 - create IPUIPlugin
2024-11-05 23:01:53,828 [INFO] PluginManager:220 - loadIPPluginJar : add opamp
2024-11-05 23:01:53,831 [INFO] IPUIPlugin:80 - create IPUIPlugin
2024-11-05 23:01:53,831 [INFO] PluginManager:220 - loadIPPluginJar : add openamp
2024-11-05 23:01:53,835 [INFO] IPUIPlugin:80 - create IPUIPlugin
2024-11-05 23:01:53,835 [INFO] PluginManager:220 - loadIPPluginJar : add pdm2pcm
2024-11-05 23:01:53,841 [INFO] IPUIPlugin:80 - create IPUIPlugin
2024-11-05 23:01:53,844 [INFO] PluginManager:220 - loadIPPluginJar : add plateformsettings
2024-11-05 23:01:53,847 [INFO] IPUIPlugin:80 - create IPUIPlugin
2024-11-05 23:01:53,847 [INFO] PluginManager:220 - loadIPPluginJar : add quadspi
2024-11-05 23:01:53,850 [INFO] IPUIPlugin:80 - create IPUIPlugin
2024-11-05 23:01:53,851 [INFO] PluginManager:220 - loadIPPluginJar : add radio
2024-11-05 23:01:53,857 [INFO] IPUIPlugin:80 - create IPUIPlugin
2024-11-05 23:01:53,857 [INFO] PluginManager:220 - loadIPPluginJar : add resmgrutility
2024-11-05 23:01:53,860 [INFO] IPUIPlugin:80 - create IPUIPlugin
2024-11-05 23:01:53,860 [INFO] PluginManager:220 - loadIPPluginJar : add sai
2024-11-05 23:01:53,863 [INFO] IPUIPlugin:80 - create IPUIPlugin
2024-11-05 23:01:53,863 [INFO] PluginManager:220 - loadIPPluginJar : add spi
2024-11-05 23:01:53,869 [INFO] IPUIPlugin:80 - create IPUIPlugin
2024-11-05 23:01:53,869 [INFO] PluginManager:220 - loadIPPluginJar : add stm32_wpan
2024-11-05 23:01:53,871 [INFO] IPUIPlugin:80 - create IPUIPlugin
2024-11-05 23:01:53,871 [INFO] PluginManager:220 - loadIPPluginJar : add tim
2024-11-05 23:01:53,874 [INFO] IPUIPlugin:80 - create IPUIPlugin
2024-11-05 23:01:53,874 [INFO] PluginManager:220 - loadIPPluginJar : add touchsensing
2024-11-05 23:01:53,878 [INFO] IPUIPlugin:80 - create IPUIPlugin
2024-11-05 23:01:53,878 [INFO] PluginManager:220 - loadIPPluginJar : add tracer_emb
2024-11-05 23:01:53,880 [INFO] IPUIPlugin:80 - create IPUIPlugin
2024-11-05 23:01:53,880 [INFO] PluginManager:220 - loadIPPluginJar : add ts
2024-11-05 23:01:53,885 [INFO] IPUIPlugin:80 - create IPUIPlugin
2024-11-05 23:01:53,885 [INFO] PluginManager:220 - loadIPPluginJar : add tsc
2024-11-05 23:01:53,888 [INFO] IPUIPlugin:80 - create IPUIPlugin
2024-11-05 23:01:53,888 [INFO] PluginManager:220 - loadIPPluginJar : add ucpd
2024-11-05 23:01:53,892 [INFO] IPUIPlugin:80 - create IPUIPlugin
2024-11-05 23:01:53,892 [INFO] PluginManager:220 - loadIPPluginJar : add usart
2024-11-05 23:01:53,898 [INFO] IPUIPlugin:80 - create IPUIPlugin
2024-11-05 23:01:53,898 [INFO] PluginManager:220 - loadIPPluginJar : add usbx
2024-11-05 23:01:54,078 [INFO] CADModel:165 - CPN selected for project level
2024-11-05 23:01:54,078 [INFO] CADModel:114 - Register for checkConnection events
2024-11-05 23:01:54,078 [FATAL] Updater:334 - Updater called before beeing initialized
2024-11-05 23:01:54,079 [ERROR] CADModel:125 - Updater not yet initialized, retry later 
2024-11-05 23:01:54,255 [INFO] CADModel:165 - CPN selected for project level
2024-11-05 23:01:54,255 [INFO] CADModel:114 - Register for checkConnection events
2024-11-05 23:01:54,255 [FATAL] Updater:334 - Updater called before beeing initialized
2024-11-05 23:01:54,255 [ERROR] CADModel:125 - Updater not yet initialized, retry later 
2024-11-05 23:01:54,259 [FATAL] Updater:334 - Updater called before beeing initialized
2024-11-05 23:01:54,374 [FATAL] Updater:334 - Updater called before beeing initialized
2024-11-05 23:01:54,378 [INFO] DbMcusAds:53 - JSON generation date=Fri Sep 20 20:04:23 ICT 2024 (1726837463113)
2024-11-05 23:01:54,379 [FATAL] Updater:334 - Updater called before beeing initialized
2024-11-05 23:01:54,415 [WARN] DetailPanel:346 - Failed to get advertising image, set to default
2024-11-05 23:01:54,489 [FATAL] Updater:334 - Updater called before beeing initialized
2024-11-05 23:01:54,491 [FATAL] Updater:334 - Updater called before beeing initialized
2024-11-05 23:01:54,491 [FATAL] Updater:334 - Updater called before beeing initialized
2024-11-05 23:01:54,491 [WARN] DetailPanel:346 - Failed to get advertising image, set to default
2024-11-05 23:01:54,492 [FATAL] Updater:334 - Updater called before beeing initialized
2024-11-05 23:01:54,550 [ERROR] Updater:1164 - MainUpdater not yet initialized. External WinMGr cannot be set.
2024-11-05 23:01:54,553 [INFO] Updater:1100 - Updater Version found : 6.12.0
2024-11-05 23:01:54,574 [INFO] ApplicationProperties:184 - Using Application install path: C:\ST\STM32CubeIDE_1.16.0\STM32CubeIDE\plugins\com.st.stm32cube.common.mx_6.12.0.202406281431
2024-11-05 23:01:56,149 [ERROR] LogOutputStream:75 - [STDERR_REDIRECT] Nov 05, 2024 11:01:56 PM java.util.prefs.WindowsPreferences <init>
2024-11-05 23:01:56,151 [ERROR] LogOutputStream:75 - [STDERR_REDIRECT] WARNING: Could not open/create prefs root node Software\JavaSoft\Prefs at root 0xffffffff80000002. Windows RegCreateKeyEx(...) returned error code 5.
2024-11-05 23:01:56,151 [ERROR] LogOutputStream:75 - [STDERR_REDIRECT] 
2024-11-05 23:01:56,205 [INFO] ThirdPartyUpdaterWithRetryManager:70 - Updater plugin not ready yet. [2/15]
2024-11-05 23:01:56,812 [INFO] MainUpdater:2873 - connection check result : 10
2024-11-05 23:01:56,813 [INFO] MainUpdater:290 - Updater Check For Update Now.
2024-11-05 23:01:56,813 [INFO] MicroXplorer:498 - Change Database Version : DB.6.0.120
2024-11-05 23:01:56,817 [INFO] McuFinderGlobals:63 - Set McuFinder mode to 2 (CubeIDE integrated)
2024-11-05 23:01:56,818 [INFO] UserAuth:417 - Internet connection configuration mode: 1
2024-11-05 23:01:56,859 [INFO] JxBrowserEngine:152 - Initiate JxBrowser Engine with user profile folder
2024-11-05 23:01:56,999 [INFO] CheckServerUpdateThread:120 - End of CheckServer Thread
2024-11-05 23:01:59,444 [WARN] PackLoader:240 - Cannot read IP mode file for STMicroelectronics.FP-SNS-MOTENVWB1.1.4.0
2024-11-05 23:01:59,471 [WARN] PackLoader:240 - Cannot read IP mode file for STMicroelectronics.X-CUBE-SMBUS.2.1.0
2024-11-05 23:01:59,483 [WARN] PackLoader:240 - Cannot read IP mode file for STMicroelectronics.X-CUBE-WB05N.1.1.0
2024-11-05 23:01:59,525 [WARN] PackLoader:240 - Cannot read IP mode file for STMicroelectronics.X-CUBE-AZRTOS-F7.1.1.0
2024-11-05 23:01:59,612 [WARN] PackLoader:240 - Cannot read IP mode file for STMicroelectronics.X-CUBE-MEMS1.11.0.0
2024-11-05 23:01:59,834 [WARN] PackLoader:240 - Cannot read IP mode file for STMicroelectronics.FP-SNS-FLIGHT1.5.0.2
2024-11-05 23:01:59,848 [WARN] PackLoader:240 - Cannot read IP mode file for STMicroelectronics.X-CUBE-DISPLAY.3.0.0
2024-11-05 23:01:59,861 [WARN] PackLoader:240 - Cannot read IP mode file for STMicroelectronics.X-CUBE-BLE1.7.0.0
2024-11-05 23:01:59,869 [WARN] PackLoader:240 - Cannot read IP mode file for STMicroelectronics.X-CUBE-NFC10.1.0.0
2024-11-05 23:01:59,882 [WARN] PackLoader:240 - Cannot read IP mode file for emotas.I-CUBE-CANOPEN.1.3.0
2024-11-05 23:01:59,902 [WARN] PackLoader:240 - Cannot read IP mode file for STMicroelectronics.X-CUBE-BLEMGR.3.1.0
2024-11-05 23:01:59,913 [WARN] PackLoader:240 - Cannot read IP mode file for STMicroelectronics.FP-SNS-SMARTAG2.1.2.0
2024-11-05 23:01:59,926 [INFO] LogOutputStream:77 - [STDOUT_REDIRECT] 1 : Invalid condition id : UX_CORESTACK_Condition cause : null
2024-11-05 23:01:59,927 [INFO] LogOutputStream:77 - [STDOUT_REDIRECT] 1 : Invalid condition id : UX_CORESTACK_Condition cause : null
2024-11-05 23:01:59,929 [INFO] LogOutputStream:77 - [STDOUT_REDIRECT] 1 : Invalid condition id : UX_CORESTACK_Condition cause : null
2024-11-05 23:01:59,931 [INFO] LogOutputStream:77 - [STDOUT_REDIRECT] 1 : Invalid condition id : UX_CORESTACK_Condition cause : null
2024-11-05 23:01:59,932 [INFO] LogOutputStream:77 - [STDOUT_REDIRECT] 1 : Invalid condition id : UX_CORESTACK_Condition cause : null
2024-11-05 23:01:59,939 [WARN] PackLoader:240 - Cannot read IP mode file for STMicroelectronics.X-CUBE-AZRTOS-WL.2.0.0
2024-11-05 23:01:59,947 [WARN] PackLoader:240 - Cannot read IP mode file for STMicroelectronics.FP-SNS-MOTENV1.5.0.0
2024-11-05 23:01:59,958 [WARN] PackLoader:240 - Cannot read IP mode file for wolfSSL.I-CUBE-wolfMQTT.1.19.0
2024-11-05 23:01:59,968 [WARN] PackLoader:240 - Cannot read IP mode file for WES.I-CUBE-Cesium.1.3.0
2024-11-05 23:01:59,973 [WARN] PackLoader:240 - Cannot read IP mode file for STMicroelectronics.X-CUBE-BLE2.3.3.0
2024-11-05 23:01:59,981 [WARN] PackLoader:240 - Cannot read IP mode file for STMicroelectronics.X-CUBE-NFC9.1.0.0
2024-11-05 23:01:59,994 [WARN] PackLoader:240 - Cannot read IP mode file for STMicroelectronics.X-CUBE-TCPP.4.1.0
2024-11-05 23:02:00,011 [WARN] PackLoader:240 - Cannot read IP mode file for STMicroelectronics.X-CUBE-AZRTOS-G0.1.1.0
2024-11-05 23:02:00,024 [WARN] PackLoader:240 - Cannot read IP mode file for STMicroelectronics.X-CUBE-SAFEA1.1.2.2
2024-11-05 23:02:00,034 [WARN] PackLoader:240 - Cannot read IP mode file for STMicroelectronics.X-CUBE-NFC4.3.0.0
2024-11-05 23:02:00,046 [WARN] PackLoader:240 - Cannot read IP mode file for EmbeddedOffice.I-CUBE-FS-RTOS.1.0.1
2024-11-05 23:02:00,046 [ERROR] ConditionMgr:805 - Attr not supported : Dmpu
2024-11-05 23:02:00,046 [ERROR] ConditionMgr:805 - Attr not supported : Dmpu
2024-11-05 23:02:00,046 [ERROR] ConditionMgr:805 - Attr not supported : Dmpu
2024-11-05 23:02:00,046 [ERROR] ConditionMgr:805 - Attr not supported : Dmpu
2024-11-05 23:02:00,046 [ERROR] ConditionMgr:805 - Attr not supported : Dmpu
2024-11-05 23:02:00,046 [ERROR] ConditionMgr:805 - Attr not supported : Dmpu
2024-11-05 23:02:00,046 [ERROR] ConditionMgr:805 - Attr not supported : Dmpu
2024-11-05 23:02:00,046 [ERROR] ConditionMgr:805 - Attr not supported : Dmpu
2024-11-05 23:02:00,047 [ERROR] ConditionMgr:805 - Attr not supported : Dmpu
2024-11-05 23:02:00,047 [ERROR] ConditionMgr:805 - Attr not supported : Dmpu
2024-11-05 23:02:00,047 [ERROR] ConditionMgr:805 - Attr not supported : Dmpu
2024-11-05 23:02:00,047 [ERROR] ConditionMgr:805 - Attr not supported : Dmpu
2024-11-05 23:02:00,047 [ERROR] ConditionMgr:805 - Attr not supported : Dmpu
2024-11-05 23:02:00,047 [ERROR] ConditionMgr:805 - Attr not supported : Dmpu
2024-11-05 23:02:00,047 [ERROR] ConditionMgr:805 - Attr not supported : Dmpu
2024-11-05 23:02:00,047 [ERROR] ConditionMgr:805 - Attr not supported : Dmpu
2024-11-05 23:02:00,047 [ERROR] ConditionMgr:805 - Attr not supported : Dmpu
2024-11-05 23:02:00,047 [ERROR] ConditionMgr:805 - Attr not supported : Dmpu
2024-11-05 23:02:00,047 [ERROR] ConditionMgr:805 - Attr not supported : Dmpu
2024-11-05 23:02:00,047 [ERROR] ConditionMgr:805 - Attr not supported : Dmpu
2024-11-05 23:02:00,047 [ERROR] ConditionMgr:805 - Attr not supported : Dmpu
2024-11-05 23:02:00,047 [ERROR] ConditionMgr:805 - Attr not supported : Dmpu
2024-11-05 23:02:00,047 [ERROR] ConditionMgr:805 - Attr not supported : Dmpu
2024-11-05 23:02:00,047 [ERROR] ConditionMgr:805 - Attr not supported : Dmpu
2024-11-05 23:02:00,047 [ERROR] ConditionMgr:805 - Attr not supported : Dmpu
2024-11-05 23:02:00,047 [ERROR] ConditionMgr:805 - Attr not supported : Dmpu
2024-11-05 23:02:00,047 [ERROR] ConditionMgr:805 - Attr not supported : Dmpu
2024-11-05 23:02:00,047 [ERROR] ConditionMgr:805 - Attr not supported : Dmpu
2024-11-05 23:02:00,047 [ERROR] ConditionMgr:805 - Attr not supported : Dmpu
2024-11-05 23:02:00,047 [ERROR] ConditionMgr:805 - Attr not supported : Dmpu
2024-11-05 23:02:00,048 [ERROR] ConditionMgr:805 - Attr not supported : Dmpu
2024-11-05 23:02:00,048 [ERROR] ConditionMgr:805 - Attr not supported : Dmpu
2024-11-05 23:02:00,048 [ERROR] ConditionMgr:805 - Attr not supported : Dmpu
2024-11-05 23:02:00,048 [ERROR] ConditionMgr:805 - Attr not supported : Dmpu
2024-11-05 23:02:00,048 [ERROR] ConditionMgr:805 - Attr not supported : Dmpu
2024-11-05 23:02:00,048 [ERROR] ConditionMgr:805 - Attr not supported : Dmpu
2024-11-05 23:02:00,048 [ERROR] ConditionMgr:805 - Attr not supported : Dmpu
2024-11-05 23:02:00,048 [ERROR] ConditionMgr:805 - Attr not supported : Dmpu
2024-11-05 23:02:00,048 [ERROR] ConditionMgr:805 - Attr not supported : Dmpu
2024-11-05 23:02:00,048 [ERROR] ConditionMgr:805 - Attr not supported : Dmpu
2024-11-05 23:02:00,048 [ERROR] ConditionMgr:805 - Attr not supported : Dmpu
2024-11-05 23:02:00,048 [ERROR] ConditionMgr:805 - Attr not supported : Dmpu
2024-11-05 23:02:00,048 [ERROR] ConditionMgr:805 - Attr not supported : Dmpu
2024-11-05 23:02:00,048 [ERROR] ConditionMgr:805 - Attr not supported : Dmpu
2024-11-05 23:02:00,048 [ERROR] ConditionMgr:805 - Attr not supported : Dmpu
2024-11-05 23:02:00,048 [ERROR] ConditionMgr:805 - Attr not supported : Dmpu
2024-11-05 23:02:00,048 [ERROR] ConditionMgr:805 - Attr not supported : Dmpu
2024-11-05 23:02:00,048 [ERROR] ConditionMgr:805 - Attr not supported : Dmpu
2024-11-05 23:02:00,049 [ERROR] ConditionMgr:805 - Attr not supported : Dmpu
2024-11-05 23:02:00,049 [ERROR] ConditionMgr:805 - Attr not supported : Dmpu
2024-11-05 23:02:00,049 [ERROR] ConditionMgr:805 - Attr not supported : Dmpu
2024-11-05 23:02:00,049 [ERROR] ConditionMgr:805 - Attr not supported : Dmpu
2024-11-05 23:02:00,049 [ERROR] ConditionMgr:805 - Attr not supported : Dmpu
2024-11-05 23:02:00,049 [ERROR] ConditionMgr:805 - Attr not supported : Dmpu
2024-11-05 23:02:00,049 [ERROR] ConditionMgr:805 - Attr not supported : Dmpu
2024-11-05 23:02:00,049 [ERROR] ConditionMgr:805 - Attr not supported : Dmpu
2024-11-05 23:02:00,049 [ERROR] ConditionMgr:805 - Attr not supported : Dmpu
2024-11-05 23:02:00,049 [ERROR] ConditionMgr:805 - Attr not supported : Dmpu
2024-11-05 23:02:00,049 [ERROR] ConditionMgr:805 - Attr not supported : Dmpu
2024-11-05 23:02:00,049 [ERROR] ConditionMgr:805 - Attr not supported : Dmpu
2024-11-05 23:02:00,049 [ERROR] ConditionMgr:805 - Attr not supported : Dmpu
2024-11-05 23:02:00,049 [ERROR] ConditionMgr:805 - Attr not supported : Dmpu
2024-11-05 23:02:00,049 [ERROR] ConditionMgr:805 - Attr not supported : Dmpu
2024-11-05 23:02:00,049 [ERROR] ConditionMgr:805 - Attr not supported : Dmpu
2024-11-05 23:02:00,053 [WARN] PackLoader:240 - Cannot read IP mode file for RealThread.X-CUBE-RT-Thread_Nano.4.1.1
2024-11-05 23:02:00,058 [WARN] PackLoader:240 - Cannot read IP mode file for STMicroelectronics.FP-ATR-SIGFOX1.3.2.0
2024-11-05 23:02:00,062 [WARN] PackLoader:240 - Cannot read IP mode file for wolfSSL.I-CUBE-wolfSSL.5.7.2
2024-11-05 23:02:00,066 [WARN] PackLoader:240 - Cannot read IP mode file for STMicroelectronics.X-CUBE-EEPRMA1.5.1.0
2024-11-05 23:02:00,073 [WARN] PackLoader:240 - Cannot read IP mode file for ITTIA_DB.I-CUBE-ITTIADB.8.9.0
2024-11-05 23:02:00,099 [WARN] PackLoader:240 - Cannot read IP mode file for SEGGER.I-CUBE-embOS.1.3.1
2024-11-05 23:02:00,158 [WARN] PackLoader:240 - Cannot read IP mode file for STMicroelectronics.X-CUBE-ALGOBUILD.1.4.0
2024-11-05 23:02:00,164 [WARN] PackLoader:240 - Cannot read IP mode file for STMicroelectronics.X-CUBE-AI.9.1.0
2024-11-05 23:02:00,171 [WARN] PackLoader:240 - Cannot read IP mode file for STMicroelectronics.X-CUBE-GNSS1.6.0.0
2024-11-05 23:02:00,181 [WARN] PackLoader:240 - Cannot read IP mode file for STMicroelectronics.X-CUBE-AZRTOS-F4.1.1.0
2024-11-05 23:02:00,190 [WARN] PackLoader:240 - Cannot read IP mode file for STMicroelectronics.X-CUBE-ISPU.2.1.0
2024-11-05 23:02:00,198 [WARN] PackLoader:240 - Cannot read IP mode file for STMicroelectronics.X-CUBE-FREERTOS.1.2.0
2024-11-05 23:02:00,218 [WARN] PackLoader:240 - Cannot read IP mode file for STMicroelectronics.X-CUBE-AZRTOS-L5.2.0.0
2024-11-05 23:02:00,231 [WARN] PackLoader:240 - Cannot read IP mode file for STMicroelectronics.X-CUBE-NFC6.3.1.0
2024-11-05 23:02:00,237 [WARN] PackLoader:240 - Cannot read IP mode file for STMicroelectronics.X-CUBE-DPower.1.2.0
2024-11-05 23:02:00,243 [WARN] PackLoader:240 - Cannot read IP mode file for STMicroelectronics.X-CUBE-AI.9.0.0
2024-11-05 23:02:00,250 [WARN] PackLoader:240 - Cannot read IP mode file for STMicroelectronics.X-CUBE-NFC7.1.0.1
2024-11-05 23:02:00,256 [WARN] PackLoader:240 - Cannot read IP mode file for wolfSSL.I-CUBE-wolfTPM.3.2.0
2024-11-05 23:02:00,277 [WARN] ConditionMgr:438 - getConditionDescription Invalid condition id : LAN8742 Phy interface Condition cause : null
2024-11-05 23:02:00,277 [WARN] PackLoader:240 - Cannot read IP mode file for STMicroelectronics.X-CUBE-AZRTOS-L4.2.0.0
2024-11-05 23:02:00,279 [WARN] ConditionMgr:1039 - genDependencies : Invalid condition id : LAN8742 Phy interface Condition cause : null
2024-11-05 23:02:00,279 [WARN] ConditionMgr:1039 - genDependencies : Invalid condition id : LAN8742 Phy interface Condition cause : null
2024-11-05 23:02:00,280 [WARN] ConditionMgr:1039 - genDependencies : Invalid condition id : LAN8742 Phy interface Condition cause : null
2024-11-05 23:02:00,289 [WARN] PackLoader:240 - Cannot read IP mode file for STMicroelectronics.X-CUBE-SFXS2LP1.4.0.0
2024-11-05 23:02:00,320 [WARN] PackLoader:240 - Cannot read IP mode file for STMicroelectronics.X-CUBE-AZRTOS-H7.3.3.0
2024-11-05 23:02:00,334 [WARN] PackLoader:240 - Cannot read IP mode file for STMicroelectronics.X-CUBE-IPS.3.0.0
2024-11-05 23:02:00,356 [WARN] ConditionMgr:438 - getConditionDescription Invalid condition id : UX DEVICE CLASS RTOS Condition cause : null
2024-11-05 23:02:00,357 [WARN] ConditionMgr:438 - getConditionDescription Invalid condition id : UX DEVICE CLASS RTOS Condition cause : null
2024-11-05 23:02:00,361 [WARN] PackLoader:240 - Cannot read IP mode file for STMicroelectronics.X-CUBE-AZRTOS-WB.2.0.0
2024-11-05 23:02:00,361 [WARN] ConditionMgr:1039 - genDependencies : Invalid condition id : UX DEVICE CLASS RTOS Condition cause : null
2024-11-05 23:02:00,362 [WARN] ConditionMgr:1039 - genDependencies : Invalid condition id : UX DEVICE CLASS RTOS Condition cause : null
2024-11-05 23:02:00,362 [WARN] ConditionMgr:1039 - genDependencies : Invalid condition id : UX DEVICE CLASS RTOS Condition cause : null
2024-11-05 23:02:00,362 [WARN] ConditionMgr:1039 - genDependencies : Invalid condition id : UX DEVICE CLASS RTOS Condition cause : null
2024-11-05 23:02:00,362 [WARN] ConditionMgr:1039 - genDependencies : Invalid condition id : UX DEVICE CLASS RTOS Condition cause : null
2024-11-05 23:02:00,368 [WARN] PackLoader:240 - Cannot read IP mode file for STMicroelectronics.X-CUBE-GNSS1.7.0.0
2024-11-05 23:02:00,378 [WARN] PackLoader:240 - Cannot read IP mode file for STMicroelectronics.FP-SNS-STBOX1.2.0.0
2024-11-05 23:02:00,396 [WARN] PackLoader:240 - Cannot read IP mode file for STMicroelectronics.X-CUBE-SUBG2.5.0.0
2024-11-05 23:02:00,411 [WARN] PackLoader:240 - Cannot read IP mode file for Cesanta.I-CUBE-Mongoose.7.13.0
2024-11-05 23:02:00,429 [WARN] PackLoader:240 - Cannot read IP mode file for STMicroelectronics.X-CUBE-AZRTOS-G4.2.0.0
2024-11-05 23:02:00,434 [WARN] PackLoader:240 - Cannot read IP mode file for STMicroelectronics.X-CUBE-ISPU.2.0.0
2024-11-05 23:02:00,442 [WARN] PackLoader:240 - Cannot read IP mode file for STMicroelectronics.X-CUBE-ALS.1.0.2
2024-11-05 23:02:00,486 [WARN] PackLoader:240 - Cannot read IP mode file for STMicroelectronics.X-CUBE-MEMS1.10.0.0
2024-11-05 23:02:00,609 [WARN] PackLoader:240 - Cannot read IP mode file for STMicroelectronics.X-CUBE-TOUCHGFX.4.24.0
2024-11-05 23:02:00,612 [WARN] PackLoader:240 - Cannot read IP mode file for STMicroelectronics.X-CUBE-TOUCHGFX.4.24.1
2024-11-05 23:02:00,618 [WARN] PackLoader:240 - Cannot read IP mode file for portGmbH.I-Cube-SoM-uGOAL.1.1.0
2024-11-05 23:02:00,637 [WARN] PackLoader:240 - Cannot read IP mode file for STMicroelectronics.X-CUBE-AZRTOS-H7RS.1.0.0
2024-11-05 23:02:00,648 [WARN] PackLoader:240 - Cannot read IP mode file for STMicroelectronics.FP-ATR-ASTRA1.2.0.0
2024-11-05 23:02:00,658 [WARN] PackLoader:240 - Cannot read IP mode file for STMicroelectronics.X-CUBE-TOF1.3.4.2
2024-11-05 23:02:00,684 [WARN] PackLoader:240 - Cannot read IP mode file for STMicroelectronics.X-CUBE-AZRTOS-H7.3.2.0
2024-11-05 23:02:00,704 [WARN] PackLoader:240 - Cannot read IP mode file for Infineon.AIROC-Wi-Fi-Bluetooth-STM32.1.6.0
2024-11-05 23:02:00,712 [WARN] PackLoader:240 - Cannot read IP mode file for wolfSSL.I-CUBE-wolfSSH.1.4.17
2024-11-05 23:02:00,713 [INFO] ThirdParty:978 - Integrity check success = true
2024-11-05 23:02:00,713 [INFO] IntegrityCheckThread:100 - exiting critical section [integrity check]
2024-11-05 23:02:00,713 [INFO] IntegrityCheckThread:103 - End integrity checks thread
2024-11-05 23:02:02,029 [INFO] WebApp:167 - Instantiating new browser for Auth
2024-11-05 23:02:02,876 [INFO] WebApp:448 - Apply proxy settings
2024-11-05 23:02:02,876 [INFO] WebApp:533 - Chromium requires no authentication
2024-11-05 23:02:02,888 [INFO] WebApp:476 - Direct internet connection detected
2024-11-05 23:02:02,920 [INFO] WebApp:869 - Register for checkConnection events
2024-11-05 23:02:02,921 [INFO] WebApp:448 - Apply proxy settings
2024-11-05 23:02:02,921 [INFO] WebApp:533 - Chromium requires no authentication
2024-11-05 23:02:02,921 [INFO] WebApp:476 - Direct internet connection detected
2024-11-05 23:02:03,065 [INFO] WebApp:220 - Starting web application
2024-11-05 23:02:03,065 [INFO] WebApp:578 - Web application path used C:\ST\STM32CubeIDE_1.16.0\STM32CubeIDE\plugins\com.st.stm32cube.common.mx_6.12.0.202406281431\db\plugins\mcufinder\reactClient1\index.html
2024-11-05 23:02:03,179 [INFO] UserAuth:417 - Internet connection configuration mode: 1
2024-11-05 23:02:03,980 [INFO] WebApp:186 - Connection restablished
2024-11-05 23:03:03,817 [ERROR] LogOutputStream:75 - [STDERR_REDIRECT] 
