2024-10-26 09:41:22,236 [INFO] Activator:176 - 


2024-10-26 09:41:22,239 [INFO] Activator:177 - !SESSION log4j initialized
2024-10-26 09:41:24,907 [INFO] LogOutputStream:77 - [STDOUT_REDIRECT] 
2024-10-26 09:41:26,478 [INFO] ApplicationProperties:184 - Using Application install path: C:\ST\STM32CubeIDE_1.16.0\STM32CubeIDE\plugins\com.st.stm32cube.common.mx_6.12.0.202406281431
2024-10-26 09:41:26,503 [INFO] DbMcusXml:78 - Set database path to: C:\ST\STM32CubeIDE_1.16.0\STM32CubeIDE\plugins\com.st.stm32cube.common.mx_6.12.0.202406281431\\db\/mcu/
2024-10-26 09:41:26,503 [INFO] ApiDb:274 - Set plugin database path to: C:\ST\STM32CubeIDE_1.16.0\STM32CubeIDE\plugins\com.st.stm32cube.common.mx_6.12.0.202406281431\\db\/plugins/boardmanager/
2024-10-26 09:41:26,504 [WARN] ApiDb:259 - Overriding images path with different value:  => C:\ST\STM32CubeIDE_1.16.0\STM32CubeIDE\plugins\com.st.stm32cube.common.mx_6.12.0.202406281431\\db\/plugins/mcufinder/images/
2024-10-26 09:41:26,514 [INFO] ApiDb:250 - Set database path to: C:\Users\pc_sales\.stmcufinder\plugins\mcufinder//mcu/
2024-10-26 09:41:26,516 [INFO] DbMcusAds:125 - Set database path to: C:\Users\pc_sales\.stmcufinder\plugins\mcufinder//mcu/
2024-10-26 09:41:26,517 [INFO] CrossReferenceDbSqlite:203 - Set database path to: C:\Users\pc_sales\.stmcufinder\plugins\mcufinder//mcu/cs/
2024-10-26 09:41:26,620 [INFO] RulesReader:64 - Compatibility file has been processed (297 Rules)
2024-10-26 09:41:26,691 [INFO] DbMcusXml:78 - Set database path to: C:\ST\STM32CubeIDE_1.16.0\STM32CubeIDE\plugins\com.st.stm32cube.common.mx_6.12.0.202406281431\\db\/mcu/
2024-10-26 09:41:26,691 [INFO] ApiDb:274 - Set plugin database path to: C:\ST\STM32CubeIDE_1.16.0\STM32CubeIDE\plugins\com.st.stm32cube.common.mx_6.12.0.202406281431\\db\/plugins/boardmanager/
2024-10-26 09:41:26,691 [INFO] ApiDb:261 - Set plugin images path to: C:\ST\STM32CubeIDE_1.16.0\STM32CubeIDE\plugins\com.st.stm32cube.common.mx_6.12.0.202406281431\\db\/plugins/mcufinder/images/
2024-10-26 09:41:26,691 [WARN] DbFile:41 - Overriding database path with different value: C:\Users\pc_sales\.stmcufinder\plugins\mcufinder/ => C:\Users\pc_sales\.stmcufinder\plugins\mcufinder
2024-10-26 09:41:26,691 [INFO] ApiDb:250 - Set database path to: C:\Users\pc_sales\.stmcufinder\plugins\mcufinder//mcu/
2024-10-26 09:41:26,692 [WARN] DbFile:41 - Overriding database path with different value: C:\Users\pc_sales\.stmcufinder\plugins\mcufinder/ => C:\Users\pc_sales\.stmcufinder\plugins\mcufinder
2024-10-26 09:41:26,692 [INFO] DbMcusAds:125 - Set database path to: C:\Users\pc_sales\.stmcufinder\plugins\mcufinder//mcu/
2024-10-26 09:41:26,692 [WARN] DbFile:41 - Overriding database path with different value: C:\Users\pc_sales\.stmcufinder\plugins\mcufinder/ => C:\Users\pc_sales\.stmcufinder\plugins\mcufinder
2024-10-26 09:41:26,692 [WARN] DbFile:41 - Overriding database path with different value: C:\Users\pc_sales\.stmcufinder\plugins\mcufinder/ => C:\Users\pc_sales\.stmcufinder\plugins\mcufinder
2024-10-26 09:41:26,692 [INFO] CrossReferenceDbSqlite:203 - Set database path to: C:\Users\pc_sales\.stmcufinder\plugins\mcufinder//mcu/cs/
2024-10-26 09:41:26,765 [INFO] MainPanel:268 - HeapMemory: 268435456
2024-10-26 09:41:26,833 [INFO] DbMcusXml:78 - Set database path to: C:\ST\STM32CubeIDE_1.16.0\STM32CubeIDE\plugins\com.st.stm32cube.common.mx_6.12.0.202406281431\\db\/mcu/
2024-10-26 09:41:26,833 [INFO] ApiDb:274 - Set plugin database path to: C:\ST\STM32CubeIDE_1.16.0\STM32CubeIDE\plugins\com.st.stm32cube.common.mx_6.12.0.202406281431\\db\/plugins/boardmanager/
2024-10-26 09:41:26,833 [INFO] ApiDb:261 - Set plugin images path to: C:\ST\STM32CubeIDE_1.16.0\STM32CubeIDE\plugins\com.st.stm32cube.common.mx_6.12.0.202406281431\\db\/plugins/mcufinder/images/
2024-10-26 09:41:26,833 [WARN] DbFile:41 - Overriding database path with different value: C:\Users\pc_sales\.stmcufinder\plugins\mcufinder/ => C:\Users\pc_sales\.stmcufinder\plugins\mcufinder
2024-10-26 09:41:26,833 [INFO] ApiDb:250 - Set database path to: C:\Users\pc_sales\.stmcufinder\plugins\mcufinder//mcu/
2024-10-26 09:41:26,833 [WARN] DbFile:41 - Overriding database path with different value: C:\Users\pc_sales\.stmcufinder\plugins\mcufinder/ => C:\Users\pc_sales\.stmcufinder\plugins\mcufinder
2024-10-26 09:41:26,833 [INFO] DbMcusAds:125 - Set database path to: C:\Users\pc_sales\.stmcufinder\plugins\mcufinder//mcu/
2024-10-26 09:41:26,833 [WARN] DbFile:41 - Overriding database path with different value: C:\Users\pc_sales\.stmcufinder\plugins\mcufinder/ => C:\Users\pc_sales\.stmcufinder\plugins\mcufinder
2024-10-26 09:41:26,834 [WARN] DbFile:41 - Overriding database path with different value: C:\Users\pc_sales\.stmcufinder\plugins\mcufinder/ => C:\Users\pc_sales\.stmcufinder\plugins\mcufinder
2024-10-26 09:41:26,834 [INFO] CrossReferenceDbSqlite:203 - Set database path to: C:\Users\pc_sales\.stmcufinder\plugins\mcufinder//mcu/cs/
2024-10-26 09:41:26,850 [INFO] ApplicationProperties:184 - Using Application install path: C:\ST\STM32CubeIDE_1.16.0\STM32CubeIDE\plugins\com.st.stm32cube.common.mx_6.12.0.202406281431
2024-10-26 09:41:26,852 [INFO] PluginManage:196 - Search for loadable plugins [exclusion list=, ]
2024-10-26 09:41:26,853 [INFO] PluginManage:310 - Check plugin analytics
2024-10-26 09:41:27,106 [INFO] AnalyticsPlugin:253 - Accepted Software Licenses: 
2024-10-26 09:41:27,106 [INFO] AnalyticsPlugin:255 - Accepted CMSIS Pack Licenses: 
2024-10-26 09:41:27,107 [INFO] AnalyticsPlugin:257 - Accepted Firmware Licenses: 
2024-10-26 09:41:27,110 [INFO] PluginManage:359 - Loaded plugin analytics (category:tool,tabindex:-1)
2024-10-26 09:41:27,111 [INFO] PluginManage:310 - Check plugin cadmodel
2024-10-26 09:41:27,117 [INFO] CADModel:105 - Init CAD model plugin
2024-10-26 09:41:27,117 [INFO] PluginManage:359 - Loaded plugin cadmodel (category:power,tabindex:5)
2024-10-26 09:41:27,117 [INFO] PluginManage:310 - Check plugin clock
2024-10-26 09:41:27,129 [INFO] PluginManage:359 - Loaded plugin clock (category:base,tabindex:2)
2024-10-26 09:41:27,129 [INFO] PluginManage:310 - Check plugin ddr
2024-10-26 09:41:27,132 [INFO] PluginManage:359 - Loaded plugin ddr (category:tool,tabindex:6)
2024-10-26 09:41:27,132 [INFO] PluginManage:310 - Check plugin filemanager
2024-10-26 09:41:27,301 [INFO] PluginManage:359 - Loaded plugin filemanager (category:base,tabindex:10)
2024-10-26 09:41:27,301 [INFO] PluginManage:310 - Check plugin ipmanager
2024-10-26 09:41:27,307 [INFO] PluginManage:359 - Loaded plugin ipmanager (category:base,tabindex:5)
2024-10-26 09:41:27,308 [INFO] PluginManage:310 - Check plugin lpbam
2024-10-26 09:41:27,315 [INFO] PluginManage:359 - Loaded plugin lpbam (category:base,tabindex:0)
2024-10-26 09:41:27,315 [INFO] PluginManage:310 - Check plugin memorymap
2024-10-26 09:41:27,326 [INFO] PluginManage:359 - Loaded plugin memorymap (category:base,tabindex:4)
2024-10-26 09:41:27,327 [INFO] PluginManage:310 - Check plugin pinoutandconfiguration
2024-10-26 09:41:27,335 [INFO] PluginManage:359 - Loaded plugin pinoutandconfiguration (category:base,tabindex:1)
2024-10-26 09:41:27,336 [INFO] PluginManage:310 - Check plugin pinoutconfig
2024-10-26 09:41:27,462 [WARN] SupportedApi:132 - Cannot load RTOS API schema: s4s-elt-must-match.1: The content of 'definitions' must match (annotation?, (simpleType | complexType)?, (unique | key | keyref)*)). A problem was found starting at: attribute.
2024-10-26 09:41:27,602 [INFO] PluginManage:359 - Loaded plugin pinoutconfig (category:base,tabindex:0)
2024-10-26 09:41:27,602 [INFO] PluginManage:310 - Check plugin power
2024-10-26 09:41:27,608 [INFO] PluginManage:359 - Loaded plugin power (category:power,tabindex:4)
2024-10-26 09:41:27,608 [INFO] PluginManage:310 - Check plugin projectmanager
2024-10-26 09:41:27,622 [INFO] PluginManage:359 - Loaded plugin projectmanager (category:projectmanager,tabindex:4)
2024-10-26 09:41:27,622 [INFO] PluginManage:310 - Check plugin rif
2024-10-26 09:41:27,632 [INFO] PluginManage:359 - Loaded plugin rif (category:base,tabindex:3)
2024-10-26 09:41:27,633 [INFO] PluginManage:310 - Check plugin thirdparty
2024-10-26 09:41:27,739 [INFO] PluginManage:359 - Loaded plugin thirdparty (category:base,tabindex:-1)
2024-10-26 09:41:27,739 [INFO] PluginManage:310 - Check plugin tools
2024-10-26 09:41:27,739 [WARN] IntegrityCheckThread:84 - waiting for thirdparty lock release [integrity check]
2024-10-26 09:41:27,740 [INFO] IntegrityCheckThread:86 - entering critical section [integrity check]
2024-10-26 09:41:27,741 [INFO] ThirdPartyUpdaterWithRetryManager:70 - Updater plugin not ready yet. [1/15]
2024-10-26 09:41:27,743 [INFO] PluginManage:359 - Loaded plugin tools (category:base,tabindex:7)
2024-10-26 09:41:27,743 [INFO] PluginManage:310 - Check plugin tutovideos
2024-10-26 09:41:27,940 [INFO] PluginManage:359 - Loaded plugin tutovideos (category:base,tabindex:-1)
2024-10-26 09:41:27,940 [INFO] PluginManage:310 - Check plugin updater
2024-10-26 09:41:27,961 [INFO] PluginManage:359 - Loaded plugin updater (category:base,tabindex:12)
2024-10-26 09:41:27,962 [INFO] PluginManage:310 - Check plugin userauth
2024-10-26 09:41:27,966 [INFO] UserAuth:113 - Init User Auth plugin
2024-10-26 09:41:27,966 [INFO] PluginManage:359 - Loaded plugin userauth (category:base,tabindex:14)
2024-10-26 09:41:27,967 [INFO] PluginManage:283 - PluginManage : Loaded plugins [18]
2024-10-26 09:41:28,135 [INFO] PinOutPanel:1561 - setPackage(No Configuration,No Configuration)
2024-10-26 09:41:28,204 [INFO] CADModel:165 - CPN selected for project level
2024-10-26 09:41:28,204 [INFO] CADModel:114 - Register for checkConnection events
2024-10-26 09:41:28,214 [INFO] IPUIPlugin:80 - create IPUIPlugin
2024-10-26 09:41:28,215 [INFO] PluginManager:220 - loadIPPluginJar : add adc
2024-10-26 09:41:28,216 [INFO] IPUIPlugin:80 - create IPUIPlugin
2024-10-26 09:41:28,217 [INFO] PluginManager:220 - loadIPPluginJar : add aes
2024-10-26 09:41:28,218 [INFO] IPUIPlugin:80 - create IPUIPlugin
2024-10-26 09:41:28,218 [INFO] PluginManager:220 - loadIPPluginJar : add can
2024-10-26 09:41:28,219 [INFO] IPUIPlugin:80 - create IPUIPlugin
2024-10-26 09:41:28,219 [INFO] PluginManager:220 - loadIPPluginJar : add comp
2024-10-26 09:41:28,221 [INFO] IPUIPlugin:80 - create IPUIPlugin
2024-10-26 09:41:28,221 [INFO] PluginManager:220 - loadIPPluginJar : add cryp
2024-10-26 09:41:28,223 [INFO] IPUIPlugin:80 - create IPUIPlugin
2024-10-26 09:41:28,223 [INFO] PluginManager:220 - loadIPPluginJar : add ddr_ctrl_phy
2024-10-26 09:41:28,225 [INFO] IPUIPlugin:80 - create IPUIPlugin
2024-10-26 09:41:28,225 [INFO] PluginManager:220 - loadIPPluginJar : add dfsdm
2024-10-26 09:41:28,230 [INFO] IPUIPlugin:80 - create IPUIPlugin
2024-10-26 09:41:28,230 [INFO] PluginManager:220 - loadIPPluginJar : add dma
2024-10-26 09:41:28,232 [INFO] IPUIPlugin:80 - create IPUIPlugin
2024-10-26 09:41:28,232 [INFO] PluginManager:220 - loadIPPluginJar : add dma3
2024-10-26 09:41:28,234 [INFO] IPUIPlugin:80 - create IPUIPlugin
2024-10-26 09:41:28,234 [INFO] PluginManager:220 - loadIPPluginJar : add extmemmanager
2024-10-26 09:41:28,235 [INFO] IPUIPlugin:80 - create IPUIPlugin
2024-10-26 09:41:28,235 [INFO] PluginManager:220 - loadIPPluginJar : add fatfs
2024-10-26 09:41:28,240 [INFO] IPUIPlugin:80 - create IPUIPlugin
2024-10-26 09:41:28,240 [INFO] PluginManager:220 - loadIPPluginJar : add fmc
2024-10-26 09:41:28,245 [INFO] IPUIPlugin:80 - create IPUIPlugin
2024-10-26 09:41:28,245 [INFO] PluginManager:220 - loadIPPluginJar : add freertos
2024-10-26 09:41:28,248 [INFO] IPUIPlugin:80 - create IPUIPlugin
2024-10-26 09:41:28,248 [INFO] PluginManager:220 - loadIPPluginJar : add genericplugin
2024-10-26 09:41:28,249 [INFO] IPUIPlugin:80 - create IPUIPlugin
2024-10-26 09:41:28,250 [INFO] PluginManager:220 - loadIPPluginJar : add gfxmmu
2024-10-26 09:41:28,255 [INFO] IPUIPlugin:80 - create IPUIPlugin
2024-10-26 09:41:28,255 [INFO] PluginManager:220 - loadIPPluginJar : add gic
2024-10-26 09:41:28,258 [INFO] IPUIPlugin:80 - create IPUIPlugin
2024-10-26 09:41:28,258 [INFO] PluginManager:220 - loadIPPluginJar : add gpio
2024-10-26 09:41:28,260 [INFO] IPUIPlugin:80 - create IPUIPlugin
2024-10-26 09:41:28,260 [INFO] PluginManager:220 - loadIPPluginJar : add gtzc
2024-10-26 09:41:28,261 [INFO] IPUIPlugin:80 - create IPUIPlugin
2024-10-26 09:41:28,261 [INFO] PluginManager:220 - loadIPPluginJar : add hash
2024-10-26 09:41:28,263 [INFO] IPUIPlugin:80 - create IPUIPlugin
2024-10-26 09:41:28,264 [INFO] PluginManager:220 - loadIPPluginJar : add i2c
2024-10-26 09:41:28,265 [INFO] IPUIPlugin:80 - create IPUIPlugin
2024-10-26 09:41:28,265 [INFO] PluginManager:220 - loadIPPluginJar : add i2s
2024-10-26 09:41:28,267 [INFO] IPUIPlugin:80 - create IPUIPlugin
2024-10-26 09:41:28,267 [INFO] PluginManager:220 - loadIPPluginJar : add i3c
2024-10-26 09:41:28,269 [INFO] IPUIPlugin:80 - create IPUIPlugin
2024-10-26 09:41:28,269 [INFO] PluginManager:220 - loadIPPluginJar : add ipddr
2024-10-26 09:41:28,274 [INFO] IPUIPlugin:80 - create IPUIPlugin
2024-10-26 09:41:28,274 [INFO] PluginManager:220 - loadIPPluginJar : add linkedlist
2024-10-26 09:41:28,277 [INFO] IPUIPlugin:80 - create IPUIPlugin
2024-10-26 09:41:28,277 [INFO] PluginManager:220 - loadIPPluginJar : add lorawan
2024-10-26 09:41:28,278 [INFO] IPUIPlugin:80 - create IPUIPlugin
2024-10-26 09:41:28,278 [INFO] PluginManager:220 - loadIPPluginJar : add ltdc
2024-10-26 09:41:28,282 [INFO] IPUIPlugin:80 - create IPUIPlugin
2024-10-26 09:41:28,283 [INFO] PluginManager:220 - loadIPPluginJar : add mdma
2024-10-26 09:41:28,285 [INFO] IPUIPlugin:80 - create IPUIPlugin
2024-10-26 09:41:28,285 [INFO] PluginManager:220 - loadIPPluginJar : add nvic
2024-10-26 09:41:28,286 [INFO] IPUIPlugin:80 - create IPUIPlugin
2024-10-26 09:41:28,286 [INFO] PluginManager:220 - loadIPPluginJar : add opamp
2024-10-26 09:41:28,287 [INFO] IPUIPlugin:80 - create IPUIPlugin
2024-10-26 09:41:28,287 [INFO] PluginManager:220 - loadIPPluginJar : add openamp
2024-10-26 09:41:28,289 [INFO] IPUIPlugin:80 - create IPUIPlugin
2024-10-26 09:41:28,289 [INFO] PluginManager:220 - loadIPPluginJar : add pdm2pcm
2024-10-26 09:41:28,293 [INFO] IPUIPlugin:80 - create IPUIPlugin
2024-10-26 09:41:28,296 [INFO] PluginManager:220 - loadIPPluginJar : add plateformsettings
2024-10-26 09:41:28,297 [INFO] IPUIPlugin:80 - create IPUIPlugin
2024-10-26 09:41:28,297 [INFO] PluginManager:220 - loadIPPluginJar : add quadspi
2024-10-26 09:41:28,299 [INFO] IPUIPlugin:80 - create IPUIPlugin
2024-10-26 09:41:28,299 [INFO] PluginManager:220 - loadIPPluginJar : add radio
2024-10-26 09:41:28,301 [INFO] IPUIPlugin:80 - create IPUIPlugin
2024-10-26 09:41:28,302 [INFO] PluginManager:220 - loadIPPluginJar : add resmgrutility
2024-10-26 09:41:28,304 [INFO] IPUIPlugin:80 - create IPUIPlugin
2024-10-26 09:41:28,304 [INFO] PluginManager:220 - loadIPPluginJar : add sai
2024-10-26 09:41:28,306 [INFO] IPUIPlugin:80 - create IPUIPlugin
2024-10-26 09:41:28,306 [INFO] PluginManager:220 - loadIPPluginJar : add spi
2024-10-26 09:41:28,310 [INFO] IPUIPlugin:80 - create IPUIPlugin
2024-10-26 09:41:28,310 [INFO] PluginManager:220 - loadIPPluginJar : add stm32_wpan
2024-10-26 09:41:28,311 [INFO] IPUIPlugin:80 - create IPUIPlugin
2024-10-26 09:41:28,311 [INFO] PluginManager:220 - loadIPPluginJar : add tim
2024-10-26 09:41:28,314 [INFO] IPUIPlugin:80 - create IPUIPlugin
2024-10-26 09:41:28,314 [INFO] PluginManager:220 - loadIPPluginJar : add touchsensing
2024-10-26 09:41:28,318 [INFO] IPUIPlugin:80 - create IPUIPlugin
2024-10-26 09:41:28,318 [INFO] PluginManager:220 - loadIPPluginJar : add tracer_emb
2024-10-26 09:41:28,321 [INFO] IPUIPlugin:80 - create IPUIPlugin
2024-10-26 09:41:28,322 [INFO] PluginManager:220 - loadIPPluginJar : add ts
2024-10-26 09:41:28,323 [INFO] IPUIPlugin:80 - create IPUIPlugin
2024-10-26 09:41:28,323 [INFO] PluginManager:220 - loadIPPluginJar : add tsc
2024-10-26 09:41:28,328 [INFO] IPUIPlugin:80 - create IPUIPlugin
2024-10-26 09:41:28,328 [INFO] PluginManager:220 - loadIPPluginJar : add ucpd
2024-10-26 09:41:28,331 [INFO] IPUIPlugin:80 - create IPUIPlugin
2024-10-26 09:41:28,331 [INFO] PluginManager:220 - loadIPPluginJar : add usart
2024-10-26 09:41:28,333 [INFO] IPUIPlugin:80 - create IPUIPlugin
2024-10-26 09:41:28,334 [INFO] PluginManager:220 - loadIPPluginJar : add usbx
2024-10-26 09:41:28,450 [INFO] CADModel:165 - CPN selected for project level
2024-10-26 09:41:28,450 [INFO] CADModel:114 - Register for checkConnection events
2024-10-26 09:41:28,450 [FATAL] Updater:334 - Updater called before beeing initialized
2024-10-26 09:41:28,450 [ERROR] CADModel:125 - Updater not yet initialized, retry later 
2024-10-26 09:41:28,635 [INFO] CADModel:165 - CPN selected for project level
2024-10-26 09:41:28,636 [INFO] CADModel:114 - Register for checkConnection events
2024-10-26 09:41:28,636 [FATAL] Updater:334 - Updater called before beeing initialized
2024-10-26 09:41:28,636 [ERROR] CADModel:125 - Updater not yet initialized, retry later 
2024-10-26 09:41:28,640 [FATAL] Updater:334 - Updater called before beeing initialized
2024-10-26 09:41:28,755 [FATAL] Updater:334 - Updater called before beeing initialized
2024-10-26 09:41:28,763 [INFO] DbMcusAds:53 - JSON generation date=Fri Sep 20 20:04:23 ICT 2024 (1726837463113)
2024-10-26 09:41:28,763 [FATAL] Updater:334 - Updater called before beeing initialized
2024-10-26 09:41:28,807 [WARN] DetailPanel:346 - Failed to get advertising image, set to default
2024-10-26 09:41:28,875 [FATAL] Updater:334 - Updater called before beeing initialized
2024-10-26 09:41:28,876 [FATAL] Updater:334 - Updater called before beeing initialized
2024-10-26 09:41:28,876 [FATAL] Updater:334 - Updater called before beeing initialized
2024-10-26 09:41:28,876 [WARN] DetailPanel:346 - Failed to get advertising image, set to default
2024-10-26 09:41:28,877 [FATAL] Updater:334 - Updater called before beeing initialized
2024-10-26 09:41:28,920 [ERROR] Updater:1164 - MainUpdater not yet initialized. External WinMGr cannot be set.
2024-10-26 09:41:28,923 [INFO] Updater:1100 - Updater Version found : 6.12.0
2024-10-26 09:41:28,941 [INFO] ApplicationProperties:184 - Using Application install path: C:\ST\STM32CubeIDE_1.16.0\STM32CubeIDE\plugins\com.st.stm32cube.common.mx_6.12.0.202406281431
2024-10-26 09:41:30,523 [ERROR] LogOutputStream:75 - [STDERR_REDIRECT] Oct 26, 2024 9:41:30 AM java.util.prefs.WindowsPreferences <init>
2024-10-26 09:41:30,525 [ERROR] LogOutputStream:75 - [STDERR_REDIRECT] WARNING: Could not open/create prefs root node Software\JavaSoft\Prefs at root 0xffffffff80000002. Windows RegCreateKeyEx(...) returned error code 5.
2024-10-26 09:41:30,525 [ERROR] LogOutputStream:75 - [STDERR_REDIRECT] 
2024-10-26 09:41:30,743 [INFO] ThirdPartyUpdaterWithRetryManager:70 - Updater plugin not ready yet. [2/15]
2024-10-26 09:41:30,930 [INFO] MainUpdater:2873 - connection check result : 10
2024-10-26 09:41:30,930 [INFO] MainUpdater:290 - Updater Check For Update Now.
2024-10-26 09:41:30,930 [INFO] MicroXplorer:498 - Change Database Version : DB.6.0.120
2024-10-26 09:41:30,967 [INFO] McuFinderGlobals:63 - Set McuFinder mode to 2 (CubeIDE integrated)
2024-10-26 09:41:30,974 [INFO] UserAuth:417 - Internet connection configuration mode: 1
2024-10-26 09:41:31,022 [INFO] JxBrowserEngine:152 - Initiate JxBrowser Engine with user profile folder
2024-10-26 09:41:31,175 [INFO] CheckServerUpdateThread:120 - End of CheckServer Thread
2024-10-26 09:41:34,079 [WARN] PackLoader:240 - Cannot read IP mode file for STMicroelectronics.FP-SNS-MOTENVWB1.1.4.0
2024-10-26 09:41:34,117 [WARN] PackLoader:240 - Cannot read IP mode file for STMicroelectronics.X-CUBE-SMBUS.2.1.0
2024-10-26 09:41:34,141 [WARN] PackLoader:240 - Cannot read IP mode file for STMicroelectronics.X-CUBE-WB05N.1.1.0
2024-10-26 09:41:34,196 [WARN] PackLoader:240 - Cannot read IP mode file for STMicroelectronics.X-CUBE-AZRTOS-F7.1.1.0
2024-10-26 09:41:34,300 [WARN] PackLoader:240 - Cannot read IP mode file for STMicroelectronics.X-CUBE-MEMS1.11.0.0
2024-10-26 09:41:34,543 [WARN] PackLoader:240 - Cannot read IP mode file for STMicroelectronics.FP-SNS-FLIGHT1.5.0.2
2024-10-26 09:41:34,563 [WARN] PackLoader:240 - Cannot read IP mode file for STMicroelectronics.X-CUBE-DISPLAY.3.0.0
2024-10-26 09:41:34,583 [WARN] PackLoader:240 - Cannot read IP mode file for STMicroelectronics.X-CUBE-BLE1.7.0.0
2024-10-26 09:41:34,602 [WARN] PackLoader:240 - Cannot read IP mode file for STMicroelectronics.X-CUBE-NFC10.1.0.0
2024-10-26 09:41:34,623 [WARN] PackLoader:240 - Cannot read IP mode file for emotas.I-CUBE-CANOPEN.1.3.0
2024-10-26 09:41:34,646 [WARN] PackLoader:240 - Cannot read IP mode file for STMicroelectronics.X-CUBE-BLEMGR.3.1.0
2024-10-26 09:41:34,665 [WARN] PackLoader:240 - Cannot read IP mode file for STMicroelectronics.FP-SNS-SMARTAG2.1.2.0
2024-10-26 09:41:34,691 [INFO] LogOutputStream:77 - [STDOUT_REDIRECT] 1 : Invalid condition id : UX_CORESTACK_Condition cause : null
2024-10-26 09:41:34,691 [INFO] LogOutputStream:77 - [STDOUT_REDIRECT] 1 : Invalid condition id : UX_CORESTACK_Condition cause : null
2024-10-26 09:41:34,694 [INFO] LogOutputStream:77 - [STDOUT_REDIRECT] 1 : Invalid condition id : UX_CORESTACK_Condition cause : null
2024-10-26 09:41:34,696 [INFO] LogOutputStream:77 - [STDOUT_REDIRECT] 1 : Invalid condition id : UX_CORESTACK_Condition cause : null
2024-10-26 09:41:34,698 [INFO] LogOutputStream:77 - [STDOUT_REDIRECT] 1 : Invalid condition id : UX_CORESTACK_Condition cause : null
2024-10-26 09:41:34,700 [WARN] PackLoader:240 - Cannot read IP mode file for STMicroelectronics.X-CUBE-AZRTOS-WL.2.0.0
2024-10-26 09:41:34,716 [WARN] PackLoader:240 - Cannot read IP mode file for STMicroelectronics.FP-SNS-MOTENV1.5.0.0
2024-10-26 09:41:34,731 [WARN] PackLoader:240 - Cannot read IP mode file for wolfSSL.I-CUBE-wolfMQTT.1.19.0
2024-10-26 09:41:34,750 [WARN] PackLoader:240 - Cannot read IP mode file for WES.I-CUBE-Cesium.1.3.0
2024-10-26 09:41:34,766 [WARN] PackLoader:240 - Cannot read IP mode file for STMicroelectronics.X-CUBE-BLE2.3.3.0
2024-10-26 09:41:34,785 [WARN] PackLoader:240 - Cannot read IP mode file for STMicroelectronics.X-CUBE-NFC9.1.0.0
2024-10-26 09:41:34,806 [WARN] PackLoader:240 - Cannot read IP mode file for STMicroelectronics.X-CUBE-TCPP.4.1.0
2024-10-26 09:41:34,841 [WARN] PackLoader:240 - Cannot read IP mode file for STMicroelectronics.X-CUBE-AZRTOS-G0.1.1.0
2024-10-26 09:41:34,870 [WARN] PackLoader:240 - Cannot read IP mode file for STMicroelectronics.X-CUBE-SAFEA1.1.2.2
2024-10-26 09:41:34,892 [WARN] PackLoader:240 - Cannot read IP mode file for STMicroelectronics.X-CUBE-NFC4.3.0.0
2024-10-26 09:41:34,913 [WARN] PackLoader:240 - Cannot read IP mode file for EmbeddedOffice.I-CUBE-FS-RTOS.1.0.1
2024-10-26 09:41:34,913 [ERROR] ConditionMgr:805 - Attr not supported : Dmpu
2024-10-26 09:41:34,913 [ERROR] ConditionMgr:805 - Attr not supported : Dmpu
2024-10-26 09:41:34,913 [ERROR] ConditionMgr:805 - Attr not supported : Dmpu
2024-10-26 09:41:34,913 [ERROR] ConditionMgr:805 - Attr not supported : Dmpu
2024-10-26 09:41:34,913 [ERROR] ConditionMgr:805 - Attr not supported : Dmpu
2024-10-26 09:41:34,913 [ERROR] ConditionMgr:805 - Attr not supported : Dmpu
2024-10-26 09:41:34,913 [ERROR] ConditionMgr:805 - Attr not supported : Dmpu
2024-10-26 09:41:34,915 [ERROR] ConditionMgr:805 - Attr not supported : Dmpu
2024-10-26 09:41:34,915 [ERROR] ConditionMgr:805 - Attr not supported : Dmpu
2024-10-26 09:41:34,915 [ERROR] ConditionMgr:805 - Attr not supported : Dmpu
2024-10-26 09:41:34,915 [ERROR] ConditionMgr:805 - Attr not supported : Dmpu
2024-10-26 09:41:34,915 [ERROR] ConditionMgr:805 - Attr not supported : Dmpu
2024-10-26 09:41:34,915 [ERROR] ConditionMgr:805 - Attr not supported : Dmpu
2024-10-26 09:41:34,915 [ERROR] ConditionMgr:805 - Attr not supported : Dmpu
2024-10-26 09:41:34,915 [ERROR] ConditionMgr:805 - Attr not supported : Dmpu
2024-10-26 09:41:34,915 [ERROR] ConditionMgr:805 - Attr not supported : Dmpu
2024-10-26 09:41:34,915 [ERROR] ConditionMgr:805 - Attr not supported : Dmpu
2024-10-26 09:41:34,915 [ERROR] ConditionMgr:805 - Attr not supported : Dmpu
2024-10-26 09:41:34,916 [ERROR] ConditionMgr:805 - Attr not supported : Dmpu
2024-10-26 09:41:34,916 [ERROR] ConditionMgr:805 - Attr not supported : Dmpu
2024-10-26 09:41:34,916 [ERROR] ConditionMgr:805 - Attr not supported : Dmpu
2024-10-26 09:41:34,916 [ERROR] ConditionMgr:805 - Attr not supported : Dmpu
2024-10-26 09:41:34,916 [ERROR] ConditionMgr:805 - Attr not supported : Dmpu
2024-10-26 09:41:34,916 [ERROR] ConditionMgr:805 - Attr not supported : Dmpu
2024-10-26 09:41:34,916 [ERROR] ConditionMgr:805 - Attr not supported : Dmpu
2024-10-26 09:41:34,916 [ERROR] ConditionMgr:805 - Attr not supported : Dmpu
2024-10-26 09:41:34,916 [ERROR] ConditionMgr:805 - Attr not supported : Dmpu
2024-10-26 09:41:34,916 [ERROR] ConditionMgr:805 - Attr not supported : Dmpu
2024-10-26 09:41:34,916 [ERROR] ConditionMgr:805 - Attr not supported : Dmpu
2024-10-26 09:41:34,916 [ERROR] ConditionMgr:805 - Attr not supported : Dmpu
2024-10-26 09:41:34,916 [ERROR] ConditionMgr:805 - Attr not supported : Dmpu
2024-10-26 09:41:34,916 [ERROR] ConditionMgr:805 - Attr not supported : Dmpu
2024-10-26 09:41:34,916 [ERROR] ConditionMgr:805 - Attr not supported : Dmpu
2024-10-26 09:41:34,916 [ERROR] ConditionMgr:805 - Attr not supported : Dmpu
2024-10-26 09:41:34,916 [ERROR] ConditionMgr:805 - Attr not supported : Dmpu
2024-10-26 09:41:34,916 [ERROR] ConditionMgr:805 - Attr not supported : Dmpu
2024-10-26 09:41:34,916 [ERROR] ConditionMgr:805 - Attr not supported : Dmpu
2024-10-26 09:41:34,916 [ERROR] ConditionMgr:805 - Attr not supported : Dmpu
2024-10-26 09:41:34,917 [ERROR] ConditionMgr:805 - Attr not supported : Dmpu
2024-10-26 09:41:34,917 [ERROR] ConditionMgr:805 - Attr not supported : Dmpu
2024-10-26 09:41:34,917 [ERROR] ConditionMgr:805 - Attr not supported : Dmpu
2024-10-26 09:41:34,917 [ERROR] ConditionMgr:805 - Attr not supported : Dmpu
2024-10-26 09:41:34,917 [ERROR] ConditionMgr:805 - Attr not supported : Dmpu
2024-10-26 09:41:34,917 [ERROR] ConditionMgr:805 - Attr not supported : Dmpu
2024-10-26 09:41:34,917 [ERROR] ConditionMgr:805 - Attr not supported : Dmpu
2024-10-26 09:41:34,917 [ERROR] ConditionMgr:805 - Attr not supported : Dmpu
2024-10-26 09:41:34,917 [ERROR] ConditionMgr:805 - Attr not supported : Dmpu
2024-10-26 09:41:34,917 [ERROR] ConditionMgr:805 - Attr not supported : Dmpu
2024-10-26 09:41:34,917 [ERROR] ConditionMgr:805 - Attr not supported : Dmpu
2024-10-26 09:41:34,917 [ERROR] ConditionMgr:805 - Attr not supported : Dmpu
2024-10-26 09:41:34,917 [ERROR] ConditionMgr:805 - Attr not supported : Dmpu
2024-10-26 09:41:34,917 [ERROR] ConditionMgr:805 - Attr not supported : Dmpu
2024-10-26 09:41:34,917 [ERROR] ConditionMgr:805 - Attr not supported : Dmpu
2024-10-26 09:41:34,918 [ERROR] ConditionMgr:805 - Attr not supported : Dmpu
2024-10-26 09:41:34,918 [ERROR] ConditionMgr:805 - Attr not supported : Dmpu
2024-10-26 09:41:34,918 [ERROR] ConditionMgr:805 - Attr not supported : Dmpu
2024-10-26 09:41:34,918 [ERROR] ConditionMgr:805 - Attr not supported : Dmpu
2024-10-26 09:41:34,918 [ERROR] ConditionMgr:805 - Attr not supported : Dmpu
2024-10-26 09:41:34,918 [ERROR] ConditionMgr:805 - Attr not supported : Dmpu
2024-10-26 09:41:34,918 [ERROR] ConditionMgr:805 - Attr not supported : Dmpu
2024-10-26 09:41:34,918 [ERROR] ConditionMgr:805 - Attr not supported : Dmpu
2024-10-26 09:41:34,918 [ERROR] ConditionMgr:805 - Attr not supported : Dmpu
2024-10-26 09:41:34,918 [ERROR] ConditionMgr:805 - Attr not supported : Dmpu
2024-10-26 09:41:34,919 [ERROR] ConditionMgr:805 - Attr not supported : Dmpu
2024-10-26 09:41:34,937 [WARN] PackLoader:240 - Cannot read IP mode file for RealThread.X-CUBE-RT-Thread_Nano.4.1.1
2024-10-26 09:41:34,954 [WARN] PackLoader:240 - Cannot read IP mode file for STMicroelectronics.FP-ATR-SIGFOX1.3.2.0
2024-10-26 09:41:34,971 [WARN] PackLoader:240 - Cannot read IP mode file for wolfSSL.I-CUBE-wolfSSL.5.7.2
2024-10-26 09:41:34,991 [WARN] PackLoader:240 - Cannot read IP mode file for STMicroelectronics.X-CUBE-EEPRMA1.5.1.0
2024-10-26 09:41:35,009 [WARN] PackLoader:240 - Cannot read IP mode file for ITTIA_DB.I-CUBE-ITTIADB.8.9.0
2024-10-26 09:41:35,053 [WARN] PackLoader:240 - Cannot read IP mode file for SEGGER.I-CUBE-embOS.1.3.1
2024-10-26 09:41:35,109 [WARN] PackLoader:240 - Cannot read IP mode file for STMicroelectronics.X-CUBE-ALGOBUILD.1.4.0
2024-10-26 09:41:35,127 [WARN] PackLoader:240 - Cannot read IP mode file for STMicroelectronics.X-CUBE-AI.9.1.0
2024-10-26 09:41:35,146 [WARN] PackLoader:240 - Cannot read IP mode file for STMicroelectronics.X-CUBE-GNSS1.6.0.0
2024-10-26 09:41:35,181 [WARN] PackLoader:240 - Cannot read IP mode file for STMicroelectronics.X-CUBE-AZRTOS-F4.1.1.0
2024-10-26 09:41:35,201 [WARN] PackLoader:240 - Cannot read IP mode file for STMicroelectronics.X-CUBE-ISPU.2.1.0
2024-10-26 09:41:35,217 [WARN] PackLoader:240 - Cannot read IP mode file for STMicroelectronics.X-CUBE-FREERTOS.1.2.0
2024-10-26 09:41:35,250 [WARN] PackLoader:240 - Cannot read IP mode file for STMicroelectronics.X-CUBE-AZRTOS-L5.2.0.0
2024-10-26 09:41:35,271 [WARN] PackLoader:240 - Cannot read IP mode file for STMicroelectronics.X-CUBE-NFC6.3.1.0
2024-10-26 09:41:35,288 [WARN] PackLoader:240 - Cannot read IP mode file for STMicroelectronics.X-CUBE-DPower.1.2.0
2024-10-26 09:41:35,301 [WARN] PackLoader:240 - Cannot read IP mode file for STMicroelectronics.X-CUBE-AI.9.0.0
2024-10-26 09:41:35,320 [WARN] PackLoader:240 - Cannot read IP mode file for STMicroelectronics.X-CUBE-NFC7.1.0.1
2024-10-26 09:41:35,338 [WARN] PackLoader:240 - Cannot read IP mode file for wolfSSL.I-CUBE-wolfTPM.3.2.0
2024-10-26 09:41:35,367 [WARN] ConditionMgr:438 - getConditionDescription Invalid condition id : LAN8742 Phy interface Condition cause : null
2024-10-26 09:41:35,367 [WARN] PackLoader:240 - Cannot read IP mode file for STMicroelectronics.X-CUBE-AZRTOS-L4.2.0.0
2024-10-26 09:41:35,368 [WARN] ConditionMgr:1039 - genDependencies : Invalid condition id : LAN8742 Phy interface Condition cause : null
2024-10-26 09:41:35,368 [WARN] ConditionMgr:1039 - genDependencies : Invalid condition id : LAN8742 Phy interface Condition cause : null
2024-10-26 09:41:35,369 [WARN] ConditionMgr:1039 - genDependencies : Invalid condition id : LAN8742 Phy interface Condition cause : null
2024-10-26 09:41:35,390 [WARN] PackLoader:240 - Cannot read IP mode file for STMicroelectronics.X-CUBE-SFXS2LP1.4.0.0
2024-10-26 09:41:35,419 [WARN] PackLoader:240 - Cannot read IP mode file for STMicroelectronics.X-CUBE-AZRTOS-H7.3.3.0
2024-10-26 09:41:35,442 [WARN] PackLoader:240 - Cannot read IP mode file for STMicroelectronics.X-CUBE-IPS.3.0.0
2024-10-26 09:41:35,470 [WARN] ConditionMgr:438 - getConditionDescription Invalid condition id : UX DEVICE CLASS RTOS Condition cause : null
2024-10-26 09:41:35,470 [WARN] ConditionMgr:438 - getConditionDescription Invalid condition id : UX DEVICE CLASS RTOS Condition cause : null
2024-10-26 09:41:35,471 [WARN] PackLoader:240 - Cannot read IP mode file for STMicroelectronics.X-CUBE-AZRTOS-WB.2.0.0
2024-10-26 09:41:35,472 [WARN] ConditionMgr:1039 - genDependencies : Invalid condition id : UX DEVICE CLASS RTOS Condition cause : null
2024-10-26 09:41:35,472 [WARN] ConditionMgr:1039 - genDependencies : Invalid condition id : UX DEVICE CLASS RTOS Condition cause : null
2024-10-26 09:41:35,472 [WARN] ConditionMgr:1039 - genDependencies : Invalid condition id : UX DEVICE CLASS RTOS Condition cause : null
2024-10-26 09:41:35,472 [WARN] ConditionMgr:1039 - genDependencies : Invalid condition id : UX DEVICE CLASS RTOS Condition cause : null
2024-10-26 09:41:35,472 [WARN] ConditionMgr:1039 - genDependencies : Invalid condition id : UX DEVICE CLASS RTOS Condition cause : null
2024-10-26 09:41:35,486 [WARN] PackLoader:240 - Cannot read IP mode file for STMicroelectronics.X-CUBE-GNSS1.7.0.0
2024-10-26 09:41:35,504 [WARN] PackLoader:240 - Cannot read IP mode file for STMicroelectronics.FP-SNS-STBOX1.2.0.0
2024-10-26 09:41:35,523 [WARN] PackLoader:240 - Cannot read IP mode file for STMicroelectronics.X-CUBE-SUBG2.5.0.0
2024-10-26 09:41:35,543 [WARN] PackLoader:240 - Cannot read IP mode file for Cesanta.I-CUBE-Mongoose.7.13.0
2024-10-26 09:41:35,569 [WARN] PackLoader:240 - Cannot read IP mode file for STMicroelectronics.X-CUBE-AZRTOS-G4.2.0.0
2024-10-26 09:41:35,583 [WARN] PackLoader:240 - Cannot read IP mode file for STMicroelectronics.X-CUBE-ISPU.2.0.0
2024-10-26 09:41:35,597 [WARN] PackLoader:240 - Cannot read IP mode file for STMicroelectronics.X-CUBE-ALS.1.0.2
2024-10-26 09:41:35,648 [WARN] PackLoader:240 - Cannot read IP mode file for STMicroelectronics.X-CUBE-MEMS1.10.0.0
2024-10-26 09:41:35,757 [WARN] PackLoader:240 - Cannot read IP mode file for STMicroelectronics.X-CUBE-TOUCHGFX.4.24.0
2024-10-26 09:41:35,773 [WARN] PackLoader:240 - Cannot read IP mode file for STMicroelectronics.X-CUBE-TOUCHGFX.4.24.1
2024-10-26 09:41:35,791 [WARN] PackLoader:240 - Cannot read IP mode file for portGmbH.I-Cube-SoM-uGOAL.1.1.0
2024-10-26 09:41:35,820 [WARN] PackLoader:240 - Cannot read IP mode file for STMicroelectronics.X-CUBE-AZRTOS-H7RS.1.0.0
2024-10-26 09:41:35,837 [WARN] PackLoader:240 - Cannot read IP mode file for STMicroelectronics.FP-ATR-ASTRA1.2.0.0
2024-10-26 09:41:35,859 [WARN] PackLoader:240 - Cannot read IP mode file for STMicroelectronics.X-CUBE-TOF1.3.4.2
2024-10-26 09:41:35,893 [WARN] PackLoader:240 - Cannot read IP mode file for STMicroelectronics.X-CUBE-AZRTOS-H7.3.2.0
2024-10-26 09:41:35,921 [WARN] PackLoader:240 - Cannot read IP mode file for Infineon.AIROC-Wi-Fi-Bluetooth-STM32.1.6.0
2024-10-26 09:41:35,935 [WARN] PackLoader:240 - Cannot read IP mode file for wolfSSL.I-CUBE-wolfSSH.1.4.17
2024-10-26 09:41:35,935 [INFO] ThirdParty:978 - Integrity check success = true
2024-10-26 09:41:35,935 [INFO] IntegrityCheckThread:100 - exiting critical section [integrity check]
2024-10-26 09:41:35,936 [INFO] IntegrityCheckThread:103 - End integrity checks thread
2024-10-26 09:41:36,809 [INFO] WebApp:167 - Instantiating new browser for Auth
2024-10-26 09:41:37,691 [INFO] WebApp:448 - Apply proxy settings
2024-10-26 09:41:37,691 [INFO] WebApp:533 - Chromium requires no authentication
2024-10-26 09:41:37,705 [INFO] WebApp:476 - Direct internet connection detected
2024-10-26 09:41:37,745 [INFO] WebApp:869 - Register for checkConnection events
2024-10-26 09:41:37,746 [INFO] WebApp:448 - Apply proxy settings
2024-10-26 09:41:37,746 [INFO] WebApp:533 - Chromium requires no authentication
2024-10-26 09:41:37,746 [INFO] WebApp:476 - Direct internet connection detected
2024-10-26 09:41:37,946 [INFO] WebApp:220 - Starting web application
2024-10-26 09:41:37,947 [INFO] WebApp:578 - Web application path used C:\ST\STM32CubeIDE_1.16.0\STM32CubeIDE\plugins\com.st.stm32cube.common.mx_6.12.0.202406281431\db\plugins\mcufinder\reactClient1\index.html
2024-10-26 09:41:38,103 [INFO] WebApp:186 - Connection restablished
2024-10-26 09:41:38,210 [INFO] UserAuth:417 - Internet connection configuration mode: 1
2024-10-26 09:58:43,103 [ERROR] LogOutputStream:75 - [STDERR_REDIRECT] 
2024-10-26 09:58:43,105 [ERROR] LogOutputStream:75 - [STDERR_REDIRECT] 
